<?xml version="1.0" encoding="UTF-8"?>
<!-- Generated by org.testng.reporters.JUnitXMLReporter -->
<testsuite ignored="2" hostname="LAPTOP-07AOPQM7" failures="0" tests="0" time="0.03" errors="0" timestamp="2025-01-09T15:17:45 PST">
  <testcase classname="testCases.TC002_LoginTest" name="verifyLogin" time="0.0">
    <ignored/>
  </testcase> <!-- verifyLogin -->
  <testcase classname="testCases.TC001_AccountRegistrationTest" name="registrationTest" time="0.0">
    <ignored/>
  </testcase> <!-- registrationTest -->
</testsuite>
