<?xml version="1.0" encoding="UTF-8"?>
<!-- Generated by org.testng.reporters.JUnitXMLReporter -->
<testsuite ignored="0" hostname="LAPTOP-07AOPQM7" failures="1" tests="2" name="Test" time="43.243" errors="0" timestamp="2025-01-27T19:18:33 PST">
  <testcase classname="testCases.TC001_AccountRegistrationTest" name="registrationTest" time="5.529"/>
  <testcase classname="testCases.TC002_LoginTest" name="verifyLogin" time="22.367">
    <failure type="java.lang.AssertionError" message="null">
      <![CDATA[java.lang.AssertionError: null
at testCases.TC002_LoginTest.verifyLogin(TC002_LoginTest.java:63)
at java.base/java.util.ArrayList.forEach(ArrayList.java:1511)
... Removed 29 stack frames]]>
    </failure>
  </testcase> <!-- verifyLogin -->
</testsuite> <!-- Test -->
