<?xml version="1.0" encoding="UTF-8"?>
<testng-results ignored="0" total="1" passed="1" failed="0" skipped="0">
  <reporter-output>
  </reporter-output>
  <suite started-at="2025-01-27T19:53:00 PST" name="Master Suite" finished-at="2025-01-27T19:53:25 PST" duration-ms="24990">
    <groups>
      <group name="regression">
        <method signature="TC001_AccountRegistrationTest.registrationTest()[pri:0, instance:testCases.TC001_AccountRegistrationTest@2ef14fe]" name="registrationTest" class="testCases.TC001_AccountRegistrationTest"/>
      </group> <!-- regression -->
      <group name="master">
        <method signature="TC001_AccountRegistrationTest.registrationTest()[pri:0, instance:testCases.TC001_AccountRegistrationTest@2ef14fe]" name="registrationTest" class="testCases.TC001_AccountRegistrationTest"/>
      </group> <!-- master -->
    </groups>
    <test started-at="2025-01-27T19:53:00 PST" name="Test" finished-at="2025-01-27T19:53:25 PST" duration-ms="24990">
      <class name="testCases.TC001_AccountRegistrationTest">
        <test-method is-config="true" signature="setup(java.lang.String,java.lang.String)[pri:0, instance:testCases.TC001_AccountRegistrationTest@2ef14fe]" started-at="2025-01-27T19:53:01 PST" name="setup" finished-at="2025-01-27T19:53:15 PST" duration-ms="13069" status="PASS">
          <params>
            <param index="0">
              <value>
                <![CDATA[Windows]]>
              </value>
            </param>
            <param index="1">
              <value>
                <![CDATA[Chrome]]>
              </value>
            </param>
          </params>
          <reporter-output>
          </reporter-output>
        </test-method> <!-- setup -->
        <test-method signature="registrationTest()[pri:0, instance:testCases.TC001_AccountRegistrationTest@2ef14fe]" started-at="2025-01-27T19:53:15 PST" name="registrationTest" finished-at="2025-01-27T19:53:24 PST" duration-ms="9521" status="PASS">
          <reporter-output>
          </reporter-output>
        </test-method> <!-- registrationTest -->
        <test-method is-config="true" signature="tearDown()[pri:0, instance:testCases.TC001_AccountRegistrationTest@2ef14fe]" started-at="2025-01-27T19:53:24 PST" name="tearDown" finished-at="2025-01-27T19:53:25 PST" duration-ms="1084" status="PASS">
          <reporter-output>
          </reporter-output>
        </test-method> <!-- tearDown -->
      </class> <!-- testCases.TC001_AccountRegistrationTest -->
    </test> <!-- Test -->
  </suite> <!-- Master Suite -->
</testng-results>
